mic   _utils.py          INFO     Log file created
mic   _utils.py          INFO     OS: {'name': 'Darwin', 'data': {'version': 'Darwin Kernel Version 20.3.0: Thu Jan 21 00:07:06 PST 2021; root:xnu-7195.81.3~1/RELEASE_X86_64', 'release': '20.3.0', 'platform': 'Darwin-20.3.0-x86_64-i386-64bit'}}
mic   _utils.py          INFO     MIC Version: 1.3.7
mic   _utils.py          INFO     <=================>
mic   _utils.py          INFO     Command: {'name': 'start', 'command_parameters': {'name': {'value': 'droughtindex', 'type': 'str'}, 'image': {'value': None, 'type': 'NoneType'}}}
mic   initialization.py  DEBUG    detecting framework(s): [<Framework.GENERIC: ('general', 'mintproject/generic:latest')>, <Framework.PYTHON37: ('python3.7', 'mintproject/python:3.7', '.py')>, <Framework.PYTHON38: ('python3.8', 'mintproject/python:3.8', '.py')>, <Framework.CONDA: ('conda4.7.12', 'mintproject/conda:4.7.12', '.py')>]
mic   initialization.py  DEBUG    OS name: darwin
mic   initialization.py  INFO     When creating base dir found base directory already exists: /Users/deborahkhider/Documents/MINT/Drought/ForMIC2/mic
mic   initialization.py  INFO     MIC has initialized the component
mic   _utils.py          INFO     Log file created
mic   _utils.py          INFO     OS: {'name': 'Darwin', 'data': {'version': 'Darwin Kernel Version 20.3.0: Thu Jan 21 00:07:06 PST 2021; root:xnu-7195.81.3~1/RELEASE_X86_64', 'release': '20.3.0', 'platform': 'Darwin-20.3.0-x86_64-i386-64bit'}}
mic   _utils.py          INFO     MIC Version: 1.3.7
mic   _utils.py          INFO     <=================>
mic   _utils.py          INFO     Command: {'name': 'start', 'command_parameters': {'name': {'value': 'drought', 'type': 'str'}, 'image': {'value': 'dsiv1.2.0', 'type': 'str'}}}
mic   initialization.py  DEBUG    OS name: darwin
mic   docker.py          INFO     Downloading and building base docker image
mic   config_yaml.py     DEBUG    Writing to spec: {'file': '/Users/deborahkhider/Documents/MINT/Drought/ForMIC2/mic/mic.yaml', 'data': {'key': 'name', 'value': 'drought'}}
mic   config_yaml.py     DEBUG    Writing to spec: {'file': '/Users/deborahkhider/Documents/MINT/Drought/ForMIC2/mic/mic.yaml', 'data': {'key': 'docker_image', 'value': 'drought:latest'}}
mic   config_yaml.py     DEBUG    Writing to spec: {'file': '/Users/deborahkhider/Documents/MINT/Drought/ForMIC2/mic/mic.yaml', 'data': {'key': 'framework', 'value': <Framework.GENERIC: ('general', 'mintproject/generic:latest')>}}
mic   config_yaml.py     DEBUG    Writing to spec: {'file': '/Users/deborahkhider/Documents/MINT/Drought/ForMIC2/mic/mic.yaml', 'data': {'key': 'container_name', 'value': 'drought_2b58d1f3'}}
mic   _utils.py          INFO     <=================>
mic   _utils.py          INFO     Command: {'name': 'trace', 'command_parameters': {'invocation_command': {'value': ('python3', 'WM_climate_indices.py', 'config.json'), 'type': 'tuple'}, 'continu': {'value': None, 'type': 'NoneType'}, 'overwrite': {'value': None, 'type': 'NoneType'}}}
mic   commands.py        DEBUG    Append mode: None
mic   commands.py        WARNING  Reprozip tracer exited with non-zero code: 258
mic   _utils.py          INFO     <=================>
mic   _utils.py          INFO     Command: {'name': 'trace', 'command_parameters': {'invocation_command': {'value': ('python3', 'WM_climate_indices.py', 'config.json'), 'type': 'tuple'}, 'continu': {'value': None, 'type': 'NoneType'}, 'overwrite': {'value': None, 'type': 'NoneType'}}}
mic   commands.py        DEBUG    Append mode: None
mic   commands.py        INFO     trace done
mic   _utils.py          INFO     <=================>
mic   _utils.py          INFO     Command: {'name': 'add_parameters', 'command_parameters': {'mic_file': {'value': '/tmp/mint/mic/mic.yaml', 'type': 'str'}, 'name': {'value': 'dataset_type', 'type': 'str'}, 'value': {'value': 'GLDAS', 'type': 'str'}, 'overwrite': {'value': False, 'type': 'bool'}, 'description': {'value': None, 'type': 'NoneType'}}}
mic   commands.py        DEBUG    Adding parameter: {'dataset_type': {'name': 'dataset_type', 'default_value': 'GLDAS', 'type': 'str', 'description': ''}}
mic   config_yaml.py     DEBUG    Writing to spec: {'file': '/tmp/mint/mic/mic.yaml', 'data': {'key': 'parameters', 'value': {'dataset_type': {'name': 'dataset_type', 'default_value': 'GLDAS', 'type': 'str', 'description': ''}}}}
mic   commands.py        INFO     add_parameters done
mic   _utils.py          INFO     <=================>
mic   _utils.py          INFO     Command: {'name': 'add_parameters', 'command_parameters': {'mic_file': {'value': '/tmp/mint/mic/mic.yaml', 'type': 'str'}, 'name': {'value': 'index', 'type': 'str'}, 'value': {'value': 'SPI', 'type': 'str'}, 'overwrite': {'value': False, 'type': 'bool'}, 'description': {'value': None, 'type': 'NoneType'}}}
mic   commands.py        DEBUG    Adding parameter: {'index': {'name': 'index', 'default_value': 'SPI', 'type': 'str', 'description': ''}}
mic   config_yaml.py     DEBUG    Writing to spec: {'file': '/tmp/mint/mic/mic.yaml', 'data': {'key': 'parameters', 'value': {'dataset_type': {'name': 'dataset_type', 'default_value': 'GLDAS', 'type': 'str', 'description': ''}, 'index': {'name': 'index', 'default_value': 'SPI', 'type': 'str', 'description': ''}}}}
mic   commands.py        INFO     add_parameters done
mic   _utils.py          INFO     <=================>
mic   _utils.py          INFO     Command: {'name': 'add_parameters', 'command_parameters': {'mic_file': {'value': '/tmp/mint/mic/mic.yaml', 'type': 'str'}, 'name': {'value': 'distribution', 'type': 'str'}, 'value': {'value': 'gamma', 'type': 'str'}, 'overwrite': {'value': False, 'type': 'bool'}, 'description': {'value': None, 'type': 'NoneType'}}}
mic   commands.py        DEBUG    Adding parameter: {'distribution': {'name': 'distribution', 'default_value': 'gamma', 'type': 'str', 'description': ''}}
mic   config_yaml.py     DEBUG    Writing to spec: {'file': '/tmp/mint/mic/mic.yaml', 'data': {'key': 'parameters', 'value': {'dataset_type': {'name': 'dataset_type', 'default_value': 'GLDAS', 'type': 'str', 'description': ''}, 'index': {'name': 'index', 'default_value': 'SPI', 'type': 'str', 'description': ''}, 'distribution': {'name': 'distribution', 'default_value': 'gamma', 'type': 'str', 'description': ''}}}}
mic   commands.py        INFO     add_parameters done
mic   _utils.py          INFO     <=================>
mic   _utils.py          INFO     Command: {'name': 'add_parameters', 'command_parameters': {'mic_file': {'value': '/tmp/mint/mic/mic.yaml', 'type': 'str'}, 'name': {'value': 'scales', 'type': 'str'}, 'value': {'value': 6, 'type': 'int'}, 'overwrite': {'value': False, 'type': 'bool'}, 'description': {'value': None, 'type': 'NoneType'}}}
mic   commands.py        DEBUG    Adding parameter: {'scales': {'name': 'scales', 'default_value': 6, 'type': 'int', 'description': ''}}
mic   config_yaml.py     DEBUG    Writing to spec: {'file': '/tmp/mint/mic/mic.yaml', 'data': {'key': 'parameters', 'value': {'dataset_type': {'name': 'dataset_type', 'default_value': 'GLDAS', 'type': 'str', 'description': ''}, 'index': {'name': 'index', 'default_value': 'SPI', 'type': 'str', 'description': ''}, 'distribution': {'name': 'distribution', 'default_value': 'gamma', 'type': 'str', 'description': ''}, 'scales': {'name': 'scales', 'default_value': 6, 'type': 'int', 'description': ''}}}}
mic   commands.py        INFO     add_parameters done
mic   _utils.py          INFO     <=================>
mic   _utils.py          INFO     Command: {'name': 'add_parameters', 'command_parameters': {'mic_file': {'value': '/tmp/mint/mic/mic.yaml', 'type': 'str'}, 'name': {'value': 'sim_start_year', 'type': 'str'}, 'value': {'value': 2000, 'type': 'int'}, 'overwrite': {'value': False, 'type': 'bool'}, 'description': {'value': None, 'type': 'NoneType'}}}
mic   commands.py        DEBUG    Adding parameter: {'sim_start_year': {'name': 'sim_start_year', 'default_value': 2000, 'type': 'int', 'description': ''}}
mic   config_yaml.py     DEBUG    Writing to spec: {'file': '/tmp/mint/mic/mic.yaml', 'data': {'key': 'parameters', 'value': {'dataset_type': {'name': 'dataset_type', 'default_value': 'GLDAS', 'type': 'str', 'description': ''}, 'index': {'name': 'index', 'default_value': 'SPI', 'type': 'str', 'description': ''}, 'distribution': {'name': 'distribution', 'default_value': 'gamma', 'type': 'str', 'description': ''}, 'scales': {'name': 'scales', 'default_value': 6, 'type': 'int', 'description': ''}, 'sim_start_year': {'name': 'sim_start_year', 'default_value': 2000, 'type': 'int', 'description': ''}}}}
mic   commands.py        INFO     add_parameters done
mic   _utils.py          INFO     <=================>
mic   _utils.py          INFO     Command: {'name': 'add_parameters', 'command_parameters': {'mic_file': {'value': '/tmp/mint/mic/mic.yaml', 'type': 'str'}, 'name': {'value': 'sim_end_year', 'type': 'str'}, 'value': {'value': 2010, 'type': 'int'}, 'overwrite': {'value': False, 'type': 'bool'}, 'description': {'value': None, 'type': 'NoneType'}}}
mic   commands.py        DEBUG    Adding parameter: {'sim_end_year': {'name': 'sim_end_year', 'default_value': 2010, 'type': 'int', 'description': ''}}
mic   config_yaml.py     DEBUG    Writing to spec: {'file': '/tmp/mint/mic/mic.yaml', 'data': {'key': 'parameters', 'value': {'dataset_type': {'name': 'dataset_type', 'default_value': 'GLDAS', 'type': 'str', 'description': ''}, 'index': {'name': 'index', 'default_value': 'SPI', 'type': 'str', 'description': ''}, 'distribution': {'name': 'distribution', 'default_value': 'gamma', 'type': 'str', 'description': ''}, 'scales': {'name': 'scales', 'default_value': 6, 'type': 'int', 'description': ''}, 'sim_start_year': {'name': 'sim_start_year', 'default_value': 2000, 'type': 'int', 'description': ''}, 'sim_end_year': {'name': 'sim_end_year', 'default_value': 2010, 'type': 'int', 'description': ''}}}}
mic   commands.py        INFO     add_parameters done
mic   _utils.py          INFO     <=================>
mic   _utils.py          INFO     Command: {'name': 'add_parameters', 'command_parameters': {'mic_file': {'value': '/tmp/mint/mic/mic.yaml', 'type': 'str'}, 'name': {'value': 'calib_start_year', 'type': 'str'}, 'value': {'value': 2015, 'type': 'int'}, 'overwrite': {'value': False, 'type': 'bool'}, 'description': {'value': None, 'type': 'NoneType'}}}
mic   commands.py        DEBUG    Adding parameter: {'calib_start_year': {'name': 'calib_start_year', 'default_value': 2015, 'type': 'int', 'description': ''}}
mic   config_yaml.py     DEBUG    Writing to spec: {'file': '/tmp/mint/mic/mic.yaml', 'data': {'key': 'parameters', 'value': {'dataset_type': {'name': 'dataset_type', 'default_value': 'GLDAS', 'type': 'str', 'description': ''}, 'index': {'name': 'index', 'default_value': 'SPI', 'type': 'str', 'description': ''}, 'distribution': {'name': 'distribution', 'default_value': 'gamma', 'type': 'str', 'description': ''}, 'scales': {'name': 'scales', 'default_value': 6, 'type': 'int', 'description': ''}, 'sim_start_year': {'name': 'sim_start_year', 'default_value': 2000, 'type': 'int', 'description': ''}, 'sim_end_year': {'name': 'sim_end_year', 'default_value': 2010, 'type': 'int', 'description': ''}, 'calib_start_year': {'name': 'calib_start_year', 'default_value': 2015, 'type': 'int', 'description': ''}}}}
mic   commands.py        INFO     add_parameters done
mic   _utils.py          INFO     <=================>
mic   _utils.py          INFO     Command: {'name': 'add_parameters', 'command_parameters': {'mic_file': {'value': '/tmp/mint/mic/mic.yaml', 'type': 'str'}, 'name': {'value': 'calib_end_year', 'type': 'str'}, 'value': {'value': 2017, 'type': 'int'}, 'overwrite': {'value': False, 'type': 'bool'}, 'description': {'value': None, 'type': 'NoneType'}}}
mic   commands.py        DEBUG    Adding parameter: {'calib_end_year': {'name': 'calib_end_year', 'default_value': 2017, 'type': 'int', 'description': ''}}
mic   config_yaml.py     DEBUG    Writing to spec: {'file': '/tmp/mint/mic/mic.yaml', 'data': {'key': 'parameters', 'value': {'dataset_type': {'name': 'dataset_type', 'default_value': 'GLDAS', 'type': 'str', 'description': ''}, 'index': {'name': 'index', 'default_value': 'SPI', 'type': 'str', 'description': ''}, 'distribution': {'name': 'distribution', 'default_value': 'gamma', 'type': 'str', 'description': ''}, 'scales': {'name': 'scales', 'default_value': 6, 'type': 'int', 'description': ''}, 'sim_start_year': {'name': 'sim_start_year', 'default_value': 2000, 'type': 'int', 'description': ''}, 'sim_end_year': {'name': 'sim_end_year', 'default_value': 2010, 'type': 'int', 'description': ''}, 'calib_start_year': {'name': 'calib_start_year', 'default_value': 2015, 'type': 'int', 'description': ''}, 'calib_end_year': {'name': 'calib_end_year', 'default_value': 2017, 'type': 'int', 'description': ''}}}}
mic   commands.py        INFO     add_parameters done
mic   _utils.py          INFO     <=================>
mic   _utils.py          INFO     Command: {'name': 'add_parameters', 'command_parameters': {'mic_file': {'value': '/tmp/mint/mic/mic.yaml', 'type': 'str'}, 'name': {'value': 'global', 'type': 'str'}, 'value': {'value': True, 'type': 'bool'}, 'overwrite': {'value': False, 'type': 'bool'}, 'description': {'value': None, 'type': 'NoneType'}}}
mic   commands.py        DEBUG    Adding parameter: {'global': {'name': 'global', 'default_value': True, 'type': 'bool', 'description': ''}}
mic   config_yaml.py     DEBUG    Writing to spec: {'file': '/tmp/mint/mic/mic.yaml', 'data': {'key': 'parameters', 'value': {'dataset_type': {'name': 'dataset_type', 'default_value': 'GLDAS', 'type': 'str', 'description': ''}, 'index': {'name': 'index', 'default_value': 'SPI', 'type': 'str', 'description': ''}, 'distribution': {'name': 'distribution', 'default_value': 'gamma', 'type': 'str', 'description': ''}, 'scales': {'name': 'scales', 'default_value': 6, 'type': 'int', 'description': ''}, 'sim_start_year': {'name': 'sim_start_year', 'default_value': 2000, 'type': 'int', 'description': ''}, 'sim_end_year': {'name': 'sim_end_year', 'default_value': 2010, 'type': 'int', 'description': ''}, 'calib_start_year': {'name': 'calib_start_year', 'default_value': 2015, 'type': 'int', 'description': ''}, 'calib_end_year': {'name': 'calib_end_year', 'default_value': 2017, 'type': 'int', 'description': ''}, 'global': {'name': 'global', 'default_value': True, 'type': 'bool', 'description': ''}}}}
mic   commands.py        INFO     add_parameters done
mic   _utils.py          INFO     <=================>
mic   _utils.py          INFO     Command: {'name': 'add_parameters', 'command_parameters': {'mic_file': {'value': '/tmp/mint/mic/mic.yaml', 'type': 'str'}, 'name': {'value': 'min_lon', 'type': 'str'}, 'value': {'value': 23, 'type': 'int'}, 'overwrite': {'value': False, 'type': 'bool'}, 'description': {'value': None, 'type': 'NoneType'}}}
mic   commands.py        DEBUG    Adding parameter: {'min_lon': {'name': 'min_lon', 'default_value': 23, 'type': 'int', 'description': ''}}
mic   config_yaml.py     DEBUG    Writing to spec: {'file': '/tmp/mint/mic/mic.yaml', 'data': {'key': 'parameters', 'value': {'dataset_type': {'name': 'dataset_type', 'default_value': 'GLDAS', 'type': 'str', 'description': ''}, 'index': {'name': 'index', 'default_value': 'SPI', 'type': 'str', 'description': ''}, 'distribution': {'name': 'distribution', 'default_value': 'gamma', 'type': 'str', 'description': ''}, 'scales': {'name': 'scales', 'default_value': 6, 'type': 'int', 'description': ''}, 'sim_start_year': {'name': 'sim_start_year', 'default_value': 2000, 'type': 'int', 'description': ''}, 'sim_end_year': {'name': 'sim_end_year', 'default_value': 2010, 'type': 'int', 'description': ''}, 'calib_start_year': {'name': 'calib_start_year', 'default_value': 2015, 'type': 'int', 'description': ''}, 'calib_end_year': {'name': 'calib_end_year', 'default_value': 2017, 'type': 'int', 'description': ''}, 'global': {'name': 'global', 'default_value': True, 'type': 'bool', 'description': ''}, 'min_lon': {'name': 'min_lon', 'default_value': 23, 'type': 'int', 'description': ''}}}}
mic   commands.py        INFO     add_parameters done
mic   _utils.py          INFO     <=================>
mic   _utils.py          INFO     Command: {'name': 'add_parameters', 'command_parameters': {'mic_file': {'value': '/tmp/mint/mic/mic.yaml', 'type': 'str'}, 'name': {'value': 'max_lon', 'type': 'str'}, 'value': {'value': 48, 'type': 'int'}, 'overwrite': {'value': False, 'type': 'bool'}, 'description': {'value': None, 'type': 'NoneType'}}}
mic   commands.py        DEBUG    Adding parameter: {'max_lon': {'name': 'max_lon', 'default_value': 48, 'type': 'int', 'description': ''}}
mic   config_yaml.py     DEBUG    Writing to spec: {'file': '/tmp/mint/mic/mic.yaml', 'data': {'key': 'parameters', 'value': {'dataset_type': {'name': 'dataset_type', 'default_value': 'GLDAS', 'type': 'str', 'description': ''}, 'index': {'name': 'index', 'default_value': 'SPI', 'type': 'str', 'description': ''}, 'distribution': {'name': 'distribution', 'default_value': 'gamma', 'type': 'str', 'description': ''}, 'scales': {'name': 'scales', 'default_value': 6, 'type': 'int', 'description': ''}, 'sim_start_year': {'name': 'sim_start_year', 'default_value': 2000, 'type': 'int', 'description': ''}, 'sim_end_year': {'name': 'sim_end_year', 'default_value': 2010, 'type': 'int', 'description': ''}, 'calib_start_year': {'name': 'calib_start_year', 'default_value': 2015, 'type': 'int', 'description': ''}, 'calib_end_year': {'name': 'calib_end_year', 'default_value': 2017, 'type': 'int', 'description': ''}, 'global': {'name': 'global', 'default_value': True, 'type': 'bool', 'description': ''}, 'min_lon': {'name': 'min_lon', 'default_value': 23, 'type': 'int', 'description': ''}, 'max_lon': {'name': 'max_lon', 'default_value': 48, 'type': 'int', 'description': ''}}}}
mic   commands.py        INFO     add_parameters done
mic   _utils.py          INFO     <=================>
mic   _utils.py          INFO     Command: {'name': 'add_parameters', 'command_parameters': {'mic_file': {'value': '/tmp/mint/mic/mic.yaml', 'type': 'str'}, 'name': {'value': 'min_lat', 'type': 'str'}, 'value': {'value': 3, 'type': 'int'}, 'overwrite': {'value': False, 'type': 'bool'}, 'description': {'value': None, 'type': 'NoneType'}}}
mic   commands.py        DEBUG    Adding parameter: {'min_lat': {'name': 'min_lat', 'default_value': 3, 'type': 'int', 'description': ''}}
mic   config_yaml.py     DEBUG    Writing to spec: {'file': '/tmp/mint/mic/mic.yaml', 'data': {'key': 'parameters', 'value': {'dataset_type': {'name': 'dataset_type', 'default_value': 'GLDAS', 'type': 'str', 'description': ''}, 'index': {'name': 'index', 'default_value': 'SPI', 'type': 'str', 'description': ''}, 'distribution': {'name': 'distribution', 'default_value': 'gamma', 'type': 'str', 'description': ''}, 'scales': {'name': 'scales', 'default_value': 6, 'type': 'int', 'description': ''}, 'sim_start_year': {'name': 'sim_start_year', 'default_value': 2000, 'type': 'int', 'description': ''}, 'sim_end_year': {'name': 'sim_end_year', 'default_value': 2010, 'type': 'int', 'description': ''}, 'calib_start_year': {'name': 'calib_start_year', 'default_value': 2015, 'type': 'int', 'description': ''}, 'calib_end_year': {'name': 'calib_end_year', 'default_value': 2017, 'type': 'int', 'description': ''}, 'global': {'name': 'global', 'default_value': True, 'type': 'bool', 'description': ''}, 'min_lon': {'name': 'min_lon', 'default_value': 23, 'type': 'int', 'description': ''}, 'max_lon': {'name': 'max_lon', 'default_value': 48, 'type': 'int', 'description': ''}, 'min_lat': {'name': 'min_lat', 'default_value': 3, 'type': 'int', 'description': ''}}}}
mic   commands.py        INFO     add_parameters done
mic   _utils.py          INFO     <=================>
mic   _utils.py          INFO     Command: {'name': 'add_parameters', 'command_parameters': {'mic_file': {'value': '/tmp/mint/mic/mic.yaml', 'type': 'str'}, 'name': {'value': 'max_lat', 'type': 'str'}, 'value': {'value': 15, 'type': 'int'}, 'overwrite': {'value': False, 'type': 'bool'}, 'description': {'value': None, 'type': 'NoneType'}}}
mic   commands.py        DEBUG    Adding parameter: {'max_lat': {'name': 'max_lat', 'default_value': 15, 'type': 'int', 'description': ''}}
mic   config_yaml.py     DEBUG    Writing to spec: {'file': '/tmp/mint/mic/mic.yaml', 'data': {'key': 'parameters', 'value': {'dataset_type': {'name': 'dataset_type', 'default_value': 'GLDAS', 'type': 'str', 'description': ''}, 'index': {'name': 'index', 'default_value': 'SPI', 'type': 'str', 'description': ''}, 'distribution': {'name': 'distribution', 'default_value': 'gamma', 'type': 'str', 'description': ''}, 'scales': {'name': 'scales', 'default_value': 6, 'type': 'int', 'description': ''}, 'sim_start_year': {'name': 'sim_start_year', 'default_value': 2000, 'type': 'int', 'description': ''}, 'sim_end_year': {'name': 'sim_end_year', 'default_value': 2010, 'type': 'int', 'description': ''}, 'calib_start_year': {'name': 'calib_start_year', 'default_value': 2015, 'type': 'int', 'description': ''}, 'calib_end_year': {'name': 'calib_end_year', 'default_value': 2017, 'type': 'int', 'description': ''}, 'global': {'name': 'global', 'default_value': True, 'type': 'bool', 'description': ''}, 'min_lon': {'name': 'min_lon', 'default_value': 23, 'type': 'int', 'description': ''}, 'max_lon': {'name': 'max_lon', 'default_value': 48, 'type': 'int', 'description': ''}, 'min_lat': {'name': 'min_lat', 'default_value': 3, 'type': 'int', 'description': ''}, 'max_lat': {'name': 'max_lat', 'default_value': 15, 'type': 'int', 'description': ''}}}}
mic   commands.py        INFO     add_parameters done
mic   _utils.py          INFO     <=================>
mic   _utils.py          INFO     Command: {'name': 'configs', 'command_parameters': {'mic_file': {'value': '/tmp/mint/mic/mic.yaml', 'type': 'str'}, 'configuration_files': {'value': ('/tmp/mint/config.json',), 'type': 'tuple'}, 'auto_param': {'value': False, 'type': 'bool'}}}
mic   config_yaml.py     DEBUG    Writing to spec: {'file': '/tmp/mint/mic/mic.yaml', 'data': {'key': 'configs', 'value': {'config_json': {'path': 'config.json', 'format': 'json'}}}}
mic   commands.py        INFO     Added config file: /tmp/mint/config.json
mic   config_yaml.py     DEBUG    Writing to spec: {'file': '/tmp/mint/mic/mic.yaml', 'data': {'key': 'step', 'value': 2}}
mic   commands.py        INFO     configs done
mic   _utils.py          INFO     <=================>
mic   _utils.py          INFO     Command: {'name': 'inputs', 'command_parameters': {'mic_file': {'value': '/tmp/mint/mic/mic.yaml', 'type': 'str'}, 'custom_inputs': {'value': (), 'type': 'tuple'}}}
mic   commands.py        DEBUG    Inputs found from reprozip: ['/tmp/mint/results', '/tmp/mint/GLDAS2.1_TP_2000_2018.nc', '/tmp/mint/figures', '/tmp/mint/config.json', '/tmp/mint/WM_climate_indices.py']
mic   reprozip.py        DEBUG    Adding executable: WM_climate_indices.py
mic   commands.py        DEBUG    code files found from reprozip: ['/tmp/mint/WM_climate_indices.py']
mic   commands.py        INFO     Compressing the input directory (results)
mic   commands.py        INFO     Input added: results
mic   commands.py        INFO     Input added: GLDAS2.1_TP_2000_2018.nc
mic   commands.py        INFO     Compressing the input directory (figures)
mic   commands.py        INFO     Input added: figures
mic   commands.py        INFO     Ignoring the config as an input: /tmp/mint/config.json
mic   commands.py        INFO     Ignoring the config as an input: /tmp/mint/WM_climate_indices.py
mic   config_yaml.py     DEBUG    Writing to spec: {'file': '/tmp/mint/mic/mic.yaml', 'data': {'key': 'inputs', 'value': {'results_zip': {'path': 'results.zip', 'format': 'zip'}, 'gldas2_1_tp_2000_2018_nc': {'path': 'GLDAS2.1_TP_2000_2018.nc', 'format': 'nc'}, 'figures_zip': {'path': 'figures.zip', 'format': 'zip'}}}}
mic   config_yaml.py     DEBUG    Writing to spec: {'file': '/tmp/mint/mic/mic.yaml', 'data': {'key': 'code_files', 'value': {'wm_climate_indices_py': {'path': 'WM_climate_indices.py', 'format': 'py'}}}}
mic   commands.py        INFO     inputs done
mic   _utils.py          INFO     <=================>
mic   _utils.py          INFO     Command: {'name': 'outputs', 'command_parameters': {'mic_file': {'value': '/tmp/mint/mic/mic.yaml', 'type': 'str'}, 'custom_outputs': {'value': (), 'type': 'tuple'}}}
mic   commands.py        DEBUG    Outputs found from reprozip: ['/tmp/mint/figures/spi_t11.jpeg', '/tmp/mint/figures/spi_t22.jpeg', '/tmp/mint/figures/spi_t8.jpeg', '/tmp/mint/figures/spi_t20.jpeg', '/tmp/mint/figures/spi_t2.jpeg', '/tmp/mint/results/results.nc', '/tmp/mint/figures/spi_t4.jpeg', '/tmp/mint/figures/spi_t1.jpeg', '/tmp/mint/figures/spi_t3.jpeg', '/tmp/mint/figures/spi_t14.jpeg', '/tmp/mint/figures/spi_t6.jpeg', '/tmp/mint/figures/spi_t10.jpeg', '/tmp/mint/figures/spi_t16.jpeg', '/tmp/mint/figures/spi_t15.jpeg', '/tmp/mint/figures/spi_t7.jpeg', '/tmp/mint/figures/spi_t18.jpeg', '/tmp/mint/figures/spi_t19.jpeg', '/tmp/mint/figures/spi_t9.jpeg', '/tmp/mint/figures/spi_t13.jpeg', '/tmp/mint/results/results.mp4', '/tmp/mint/figures/spi_t21.jpeg', '/tmp/mint/figures/spi_t0.jpeg', '/tmp/mint/figures/spi_t12.jpeg', '/tmp/mint/figures/spi_t23.jpeg', '/tmp/mint/figures/spi_t5.jpeg', '/tmp/mint/figures/spi_t17.jpeg']
mic   config_yaml.py     DEBUG    Writing to spec: {'file': '/tmp/mint/mic/mic.yaml', 'data': {'key': 'outputs', 'value': {'spi_t11_jpeg': {'path': 'figures/spi_t11.jpeg', 'format': 'jpeg'}, 'spi_t22_jpeg': {'path': 'figures/spi_t22.jpeg', 'format': 'jpeg'}, 'spi_t8_jpeg': {'path': 'figures/spi_t8.jpeg', 'format': 'jpeg'}, 'spi_t20_jpeg': {'path': 'figures/spi_t20.jpeg', 'format': 'jpeg'}, 'spi_t2_jpeg': {'path': 'figures/spi_t2.jpeg', 'format': 'jpeg'}, 'results_nc': {'path': 'results/results.nc', 'format': 'nc'}, 'spi_t4_jpeg': {'path': 'figures/spi_t4.jpeg', 'format': 'jpeg'}, 'spi_t1_jpeg': {'path': 'figures/spi_t1.jpeg', 'format': 'jpeg'}, 'spi_t3_jpeg': {'path': 'figures/spi_t3.jpeg', 'format': 'jpeg'}, 'spi_t14_jpeg': {'path': 'figures/spi_t14.jpeg', 'format': 'jpeg'}, 'spi_t6_jpeg': {'path': 'figures/spi_t6.jpeg', 'format': 'jpeg'}, 'spi_t10_jpeg': {'path': 'figures/spi_t10.jpeg', 'format': 'jpeg'}, 'spi_t16_jpeg': {'path': 'figures/spi_t16.jpeg', 'format': 'jpeg'}, 'spi_t15_jpeg': {'path': 'figures/spi_t15.jpeg', 'format': 'jpeg'}, 'spi_t7_jpeg': {'path': 'figures/spi_t7.jpeg', 'format': 'jpeg'}, 'spi_t18_jpeg': {'path': 'figures/spi_t18.jpeg', 'format': 'jpeg'}, 'spi_t19_jpeg': {'path': 'figures/spi_t19.jpeg', 'format': 'jpeg'}, 'spi_t9_jpeg': {'path': 'figures/spi_t9.jpeg', 'format': 'jpeg'}, 'spi_t13_jpeg': {'path': 'figures/spi_t13.jpeg', 'format': 'jpeg'}, 'results_mp4': {'path': 'results/results.mp4', 'format': 'mp4'}, 'spi_t21_jpeg': {'path': 'figures/spi_t21.jpeg', 'format': 'jpeg'}, 'spi_t0_jpeg': {'path': 'figures/spi_t0.jpeg', 'format': 'jpeg'}, 'spi_t12_jpeg': {'path': 'figures/spi_t12.jpeg', 'format': 'jpeg'}, 'spi_t23_jpeg': {'path': 'figures/spi_t23.jpeg', 'format': 'jpeg'}, 'spi_t5_jpeg': {'path': 'figures/spi_t5.jpeg', 'format': 'jpeg'}, 'spi_t17_jpeg': {'path': 'figures/spi_t17.jpeg', 'format': 'jpeg'}}}}
mic   commands.py        INFO     outputs done
mic   _utils.py          INFO     <=================>
mic   _utils.py          INFO     Command: {'name': 'wrapper', 'command_parameters': {'mic_file': {'value': '/tmp/mint/mic/mic.yaml', 'type': 'str'}}}
mic   commands.py        INFO     Generating wrapper code
mic   reprozip.py        DEBUG    Pre runner code: ''
mic   reprozip.py        DEBUG    Runner code: '\npushd .\npython3 WM_climate_indices.py config.json\npopd'
mic   initialization.py  DEBUG    run file rendered
mic   initialization.py  DEBUG    io file rendered
mic   commands.py        INFO     wrapper done
mic   _utils.py          INFO     <=================>
mic   _utils.py          INFO     Command: {'name': 'wrapper', 'command_parameters': {'mic_file': {'value': '/tmp/mint/mic/mic.yaml', 'type': 'str'}}}
mic   commands.py        INFO     Generating wrapper code
mic   reprozip.py        DEBUG    Pre runner code: ''
mic   reprozip.py        DEBUG    Runner code: '\npushd .\npython3 WM_climate_indices.py config.json\npopd'
mic   initialization.py  DEBUG    run file rendered
mic   initialization.py  DEBUG    io file rendered
mic   commands.py        INFO     wrapper done
mic   _utils.py          INFO     <=================>
mic   _utils.py          INFO     Command: {'name': 'run', 'command_parameters': {'mic_file': {'value': '/tmp/mint/mic/mic.yaml', 'type': 'str'}}}
mic   executor.py        INFO     Running: ./run   -i1 /tmp/mint/mic/executions/04_01_20_35_55/src/GLDAS2.1_TP_2000_2018.nc  -o1 results_nc.nc -o2 results_mp4.mp4  -p1 "GLDAS" -p2 "SPI" -p3 "gamma" -p4 6 -p5 2015 -p6 2016 -p7 2000 -p8 2010 -p9 False -p10 23 -p11 48 -p12 3 -p13 15
mic   executor.py        DEBUG    exe_arr: ['./run', '-i1', '/tmp/mint/mic/executions/04_01_20_35_55/src/GLDAS2.1_TP_2000_2018.nc', '-o1', 'results_nc.nc', '-o2', 'results_mp4.mp4', '-p1', 'GLDAS', '-p2', 'SPI', '-p3', 'gamma', '-p4', '6', '-p5', '2015', '-p6', '2016', '-p7', '2000', '-p8', '2010', '-p9', 'False', '-p10', '23', '-p11', '48', '-p12', '3', '-p13', '15']
mic   commands.py        INFO     Run passed
mic   commands.py        INFO     run done
mic   commands.py        INFO     start done
mic   _utils.py          INFO     <=================>
mic   _utils.py          INFO     Command: {'name': 'upload', 'command_parameters': {'mic_file': {'value': '/Users/deborahkhider/Documents/MINT/Drought/ForMIC2/mic/mic.yaml', 'type': 'str'}, 'profile': {'value': 'default', 'type': 'str'}, 'model_configuration': {'value': True, 'type': 'bool'}, 'data_transformation': {'value': None, 'type': 'NoneType'}}}
mic   github.py          INFO     Creating the git repository
mic   github.py          INFO     Compressing code
mic   github.py          INFO     Creating a new commit
